<?xml version="1.0" encoding="UTF-8"?>
<!-- Generated by org.testng.reporters.JUnitXMLReporter -->
<testsuite ignored="0" hostname="DESKTOP-1U92PBD" failures="0" tests="4" name="Default test" time="4.027" errors="0" timestamp="2022-12-22T19:21:47 CST">
  <testcase classname="UtillityClass.TestClass" name="chechkboxtest" time="0.104"/>
  <testcase classname="UtillityClass.TestClass" name="radiotest" time="0.079"/>
  <testcase classname="UtillityClass.TestClass" name="run" time="0.331"/>
  <testcase classname="UtillityClass.TestClass" name="selectedtest" time="0.048"/>
</testsuite> <!-- Default test -->
