<?xml version="1.0" encoding="UTF-8"?>
<testng-results ignored="0" total="4" passed="4" failed="0" skipped="0">
  <reporter-output>
  </reporter-output>
  <suite started-at="2022-12-22T19:21:43 CST" name="Default suite" finished-at="2022-12-22T19:21:47 CST" duration-ms="4027">
    <groups>
    </groups>
    <test started-at="2022-12-22T19:21:43 CST" name="Default test" finished-at="2022-12-22T19:21:47 CST" duration-ms="4027">
      <class name="UtillityClass.TestClass">
        <test-method is-config="true" signature="beforetest()[pri:0, instance:UtillityClass.TestClass@55141def]" started-at="2022-12-22T19:21:43 CST" name="beforetest" finished-at="2022-12-22T19:21:46 CST" duration-ms="3408" status="PASS">
          <reporter-output>
          </reporter-output>
        </test-method> <!-- beforetest -->
        <test-method signature="chechkboxtest()[pri:0, instance:UtillityClass.TestClass@55141def]" started-at="2022-12-22T19:21:46 CST" name="chechkboxtest" finished-at="2022-12-22T19:21:46 CST" duration-ms="104" status="PASS">
          <reporter-output>
          </reporter-output>
        </test-method> <!-- chechkboxtest -->
        <test-method signature="radiotest()[pri:0, instance:UtillityClass.TestClass@55141def]" started-at="2022-12-22T19:21:46 CST" name="radiotest" finished-at="2022-12-22T19:21:46 CST" duration-ms="79" status="PASS">
          <reporter-output>
          </reporter-output>
        </test-method> <!-- radiotest -->
        <test-method signature="run()[pri:0, instance:UtillityClass.TestClass@55141def]" started-at="2022-12-22T19:21:46 CST" name="run" finished-at="2022-12-22T19:21:47 CST" duration-ms="331" status="PASS">
          <reporter-output>
          </reporter-output>
        </test-method> <!-- run -->
        <test-method signature="selectedtest()[pri:0, instance:UtillityClass.TestClass@55141def]" started-at="2022-12-22T19:21:47 CST" name="selectedtest" finished-at="2022-12-22T19:21:47 CST" duration-ms="48" status="PASS">
          <reporter-output>
          </reporter-output>
        </test-method> <!-- selectedtest -->
      </class> <!-- UtillityClass.TestClass -->
    </test> <!-- Default test -->
  </suite> <!-- Default suite -->
</testng-results>
